FieldSetView/build/intermediates/manifest_merge_blame_file/debug/manifest-merger-blame-debug-report.txt
1<?xml version="1.0" encoding="utf-8"?>
2<manifest xmlns:android="http://schemas.android.com/apk/res/android"
3    package="libs.mjn.fieldsetview"
4    android:versionCode="1"
5    android:versionName="1.0" >
6
7    <uses-sdk
8        android:minSdkVersion="10"
8-->src\main\AndroidManifest.xml
9        android:targetSdkVersion="25" />
9-->src\main\AndroidManifest.xml
10
11    <application android:allowBackup="true" >
11-->src\main\AndroidManifest.xml:4:5-5:19
11-->src\main\AndroidManifest.xml:4:18-44
12    </application>
13
14</manifest>